Base path: '/home/xiaozhou/Unity/Hub/Editor/2019.4.14f1/Editor/2019.3.0f1/Editor/Data', plugins path '/home/xiaozhou/Unity/Hub/Editor/2019.4.14f1/Editor/2019.3.0f1/Editor/Data/PlaybackEngines'
Cmd: initializeCompiler
Cmd: compileComputeKernel
  api=15 insize=18299 outsize=24986 ok=1
Cmd: compileComputeKernel
  api=18 insize=18299 outsize=34381 ok=1
Cmd: compileComputeKernel
  api=18 insize=1176 outsize=3060 ok=1
Cmd: compileComputeKernel
  api=15 insize=4855 outsize=11566 ok=1
Cmd: compileComputeKernel
  api=18 insize=1806 outsize=2489 ok=1
Cmd: compileComputeKernel
  api=15 insize=10881 outsize=18282 ok=1
Cmd: compileComputeKernel
  api=18 insize=2044 outsize=4101 ok=1
Cmd: compileComputeKernel
  api=15 insize=3396 outsize=5456 ok=1
Cmd: compileComputeKernel
  api=18 insize=5435 outsize=24933 ok=1

Quitting shader compiler process
